$ chezmoi add -f ~/.config/yazi/yazi.toml
panic: runtime error: invalid memory address or nil pointer dereference
[signal SIGSEGV: segmentation violation code=0x1 addr=0x11 pc=0x9f3e29]

goroutine 1 [running]:
github.com/twpayne/chezmoi/v2/internal/chezmoi.(*SourceState).Add(0xc000002180, {0x1b4ec50, 0xc0003467c0}, {0x1b4b670, 0xc00001b5f0}, {0x1b4edb0, 0xc0002eef10}, 0xc0006648d0, 0xc00081f8b0)
        github.com/twpayne/chezmoi/v2/internal/chezmoi/sourcestate.go:413 +0x1c29
github.com/twpayne/chezmoi/v2/internal/cmd.(*Config).runAddCmd(0xc0001e5008, 0x26b4e00?, {0xc0003244a0?, 0x0?, 0x0?}, 0xc000002180)
        github.com/twpayne/chezmoi/v2/internal/cmd/addcmd.go:179 +0x319
github.com/twpayne/chezmoi/v2/internal/cmd.(*Config).newAddCmd.(*Config).makeRunEWithSourceState.func2(0xc00030c908, {0xc0003244a0, 0x1, 0x2})
        github.com/twpayne/chezmoi/v2/internal/cmd/config.go:1534 +0x85
github.com/spf13/cobra.(*Command).execute(0xc00030c908, {0xc000324480, 0x2, 0x2})
        github.com/spf13/cobra@v1.8.0/command.go:983 +0xaca
github.com/spf13/cobra.(*Command).ExecuteC(0xc00030c308)
        github.com/spf13/cobra@v1.8.0/command.go:1115 +0x3ff
github.com/spf13/cobra.(*Command).Execute(...)
        github.com/spf13/cobra@v1.8.0/command.go:1039
github.com/twpayne/chezmoi/v2/internal/cmd.(*Config).execute(0xc00081fde8?, {0xc000040090, 0x3, 0x3})
        github.com/twpayne/chezmoi/v2/internal/cmd/config.go:1203 +0x78
github.com/twpayne/chezmoi/v2/internal/cmd.runMain({{0x1b31580, 0x6}, {0x1b42620, 0x28}, {0x1b36370, 0x14}, {0x1b32628,
0x8}}, {0xc000040090, 0x3, ...})
        github.com/twpayne/chezmoi/v2/internal/cmd/cmd.go:269 +0x25c
github.com/twpayne/chezmoi/v2/internal/cmd.Main({{0x1b31580, 0x6}, {0x1b42620, 0x28}, {0x1b36370, 0x14}, {0x1b32628, 0x8}}, {0xc000040090, 0x3, ...})
        github.com/twpayne/chezmoi/v2/internal/cmd/cmd.go:105 +0xa5
main.main()
        github.com/twpayne/chezmoi/v2/main.go:24 +0xfb
