

times in msec
 clock   self+sourced   self:  sourced script
 clock   elapsed:              other lines

000.009  000.009: --- NVIM STARTING ---
000.107  000.098: event init
000.205  000.098: early init
000.359  000.154: locale set
000.391  000.032: init first window
000.694  000.302: inits 1
000.703  000.009: window checked
000.706  000.003: parsing arguments
001.269  000.092  000.092: require('vim.shared')
001.403  000.048  000.048: require('vim._meta')
001.406  000.134  000.086: require('vim._editor')
001.407  000.271  000.046: require('vim._init_packages')
001.410  000.433: init lua interpreter
001.437  000.027: expanding arguments
001.482  000.045: inits 2
001.786  000.304: init highlight
001.787  000.001: waiting for UI
002.899  001.112: done waiting for UI
002.937  000.038: init screen for UI
003.257  000.321: init default mappings
003.273  000.016: init default autocommands
003.701  000.061  000.061: sourcing /home/linuxbrew/.linuxbrew/Cellar/neovim/0.8.2/share/nvim/runtime/ftplugin.vim
003.728  000.008  000.008: sourcing /home/keisuke/.config/nvim/after/ftplugin.vim
003.772  000.028  000.028: sourcing /home/linuxbrew/.linuxbrew/Cellar/neovim/0.8.2/share/nvim/runtime/indent.vim
003.999  000.152  000.152: sourcing /home/keisuke/.vimrc
004.758  000.501  000.501: sourcing /home/keisuke/.config/nvim/pack/jetpack/opt/vim-jetpack/plugin/jetpack.vim
009.625  000.038  000.038: sourcing /home/linuxbrew/.linuxbrew/Cellar/neovim/0.8.2/share/nvim/runtime/syntax/nosyntax.vim
009.813  000.009  000.009: sourcing /home/linuxbrew/.linuxbrew/Cellar/neovim/0.8.2/share/nvim/runtime/ftplugof.vim
009.832  000.006  000.006: sourcing /home/linuxbrew/.linuxbrew/Cellar/neovim/0.8.2/share/nvim/runtime/indoff.vim
010.694  000.037  000.037: sourcing /home/linuxbrew/.linuxbrew/Cellar/neovim/0.8.2/share/nvim/runtime/syntax/synload.vim
010.804  000.087  000.087: sourcing /home/linuxbrew/.linuxbrew/Cellar/neovim/0.8.2/share/nvim/runtime/filetype.lua
010.817  000.005  000.005: sourcing /home/linuxbrew/.linuxbrew/Cellar/neovim/0.8.2/share/nvim/runtime/filetype.vim
011.534  000.675  000.675: require('vim.filetype')
012.461  000.602  000.602: require('vim.filetype.detect')
012.507  000.009  000.009: sourcing /home/linuxbrew/.linuxbrew/Cellar/neovim/0.8.2/share/nvim/runtime/scripts.vim
012.513  002.016  000.602: sourcing /home/linuxbrew/.linuxbrew/Cellar/neovim/0.8.2/share/nvim/runtime/syntax/syntax.vim
012.562  000.029  000.029: sourcing /home/linuxbrew/.linuxbrew/Cellar/neovim/0.8.2/share/nvim/runtime/filetype.lua
012.573  000.004  000.004: sourcing /home/linuxbrew/.linuxbrew/Cellar/neovim/0.8.2/share/nvim/runtime/filetype.vim
012.605  000.017  000.017: sourcing /home/linuxbrew/.linuxbrew/Cellar/neovim/0.8.2/share/nvim/runtime/ftplugin.vim
012.616  000.003  000.003: sourcing /home/keisuke/.config/nvim/after/ftplugin.vim
012.638  000.010  000.010: sourcing /home/linuxbrew/.linuxbrew/Cellar/neovim/0.8.2/share/nvim/runtime/indent.vim
013.288  000.020  000.020: require('vim.treesitter.language')
013.296  000.226  000.206: require('vim.treesitter.query')
014.211  000.148  000.148: require('vim.treesitter.languagetree')
014.219  000.252  000.103: require('vim.treesitter')
014.271  000.740  000.488: require('nvim-treesitter.parsers')
014.339  000.068  000.068: require('nvim-treesitter.utils')
014.342  000.973  000.165: require('nvim-treesitter.ts_utils')
014.344  001.047  000.074: require('nvim-treesitter.tsrange')
014.365  000.019  000.019: require('nvim-treesitter.caching')
014.369  001.444  000.151: require('nvim-treesitter.query')
014.374  001.658  000.214: require('nvim-treesitter.configs')
014.694  000.066  000.066: require('nvim-treesitter.info')
014.805  000.110  000.110: require('nvim-treesitter.shell_command_selectors')
014.818  000.439  000.263: require('nvim-treesitter.install')
015.171  000.055  000.055: sourcing /home/keisuke/.vim/jetpack/pack/jetpack/opt/_/autoload/edge.vim
019.568  004.466  004.411: sourcing /home/keisuke/.vim/jetpack/pack/jetpack/opt/_/colors/edge.vim
019.589  015.769  006.422: sourcing /home/keisuke/.config/nvim/init.vim
019.646  000.507: sourcing vimrc file(s)
021.679  001.736  001.736: sourcing /home/keisuke/.vim/jetpack/pack/jetpack/opt/_/plugin/EasyMotion.vim
021.797  000.057  000.057: sourcing /home/keisuke/.vim/jetpack/pack/jetpack/opt/_/autoload/coc/rpc.vim
021.975  000.134  000.134: sourcing /home/keisuke/.vim/jetpack/pack/jetpack/opt/_/autoload/coc/util.vim
022.154  000.096  000.096: sourcing /home/keisuke/.vim/jetpack/pack/jetpack/opt/_/autoload/coc/client.vim
023.478  001.789  001.502: sourcing /home/keisuke/.vim/jetpack/pack/jetpack/opt/_/plugin/coc.vim
023.523  000.023  000.023: sourcing /home/keisuke/.vim/jetpack/pack/jetpack/opt/_/plugin/denops/debug.vim
023.588  000.005  000.005: sourcing /home/keisuke/.vim/jetpack/pack/jetpack/opt/_/autoload/denops/_internal/conf.vim
023.614  000.057  000.052: sourcing /home/keisuke/.vim/jetpack/pack/jetpack/opt/_/autoload/denops.vim
023.643  000.112  000.055: sourcing /home/keisuke/.vim/jetpack/pack/jetpack/opt/_/plugin/denops.vim
023.688  000.037  000.037: sourcing /home/keisuke/.vim/jetpack/pack/jetpack/opt/_/plugin/fern.vim
023.862  000.139  000.139: sourcing /home/keisuke/.vim/jetpack/pack/jetpack/opt/_/autoload/vital/fern.vim
023.962  000.041  000.041: sourcing /home/keisuke/.vim/jetpack/pack/jetpack/opt/_/autoload/vital/_fern/Config.vim
023.986  000.007  000.007: sourcing /home/keisuke/.vim/jetpack/pack/jetpack/opt/_/autoload/vital/_fern.vim
024.207  000.499  000.311: sourcing /home/keisuke/.vim/jetpack/pack/jetpack/opt/_/autoload/fern.vim
024.215  000.520  000.021: sourcing /home/keisuke/.vim/jetpack/pack/jetpack/opt/_/plugin/fern_renderer_nerdfont.vim
024.249  000.026  000.026: sourcing /home/keisuke/.vim/jetpack/pack/jetpack/opt/_/plugin/gitbranch.vim
024.280  000.026  000.026: sourcing /home/keisuke/.vim/jetpack/pack/jetpack/opt/_/plugin/lightline.vim
024.295  000.008  000.008: sourcing /home/keisuke/.vim/jetpack/pack/jetpack/opt/_/plugin/nightfox.vim
024.316  000.015  000.015: sourcing /home/keisuke/.vim/jetpack/pack/jetpack/opt/_/plugin/plenary.vim
024.403  000.014  000.014: sourcing /home/keisuke/.vim/jetpack/pack/jetpack/opt/gin.vim/plugin/gin-branch.vim
024.419  000.011  000.011: sourcing /home/keisuke/.vim/jetpack/pack/jetpack/opt/gin.vim/plugin/gin-cd.vim
024.432  000.008  000.008: sourcing /home/keisuke/.vim/jetpack/pack/jetpack/opt/gin.vim/plugin/gin-chaperon.vim
024.452  000.014  000.014: sourcing /home/keisuke/.vim/jetpack/pack/jetpack/opt/gin.vim/plugin/gin-diff.vim
024.470  000.013  000.013: sourcing /home/keisuke/.vim/jetpack/pack/jetpack/opt/gin.vim/plugin/gin-edit.vim
024.483  000.007  000.007: sourcing /home/keisuke/.vim/jetpack/pack/jetpack/opt/gin.vim/plugin/gin-patch.vim
024.499  000.010  000.010: sourcing /home/keisuke/.vim/jetpack/pack/jetpack/opt/gin.vim/plugin/gin-status.vim
024.525  000.020  000.020: sourcing /home/keisuke/.vim/jetpack/pack/jetpack/opt/gin.vim/plugin/gin.vim
024.569  000.006  000.006: sourcing /home/keisuke/.config/nvim/pack/jetpack/opt/vim-jetpack/plugin/jetpack.vim
024.748  000.067  000.067: sourcing /home/linuxbrew/.linuxbrew/Cellar/neovim/0.8.2/share/nvim/runtime/plugin/gzip.vim
024.758  000.004  000.004: sourcing /home/linuxbrew/.linuxbrew/Cellar/neovim/0.8.2/share/nvim/runtime/plugin/health.vim
024.976  000.096  000.096: sourcing /home/linuxbrew/.linuxbrew/Cellar/neovim/0.8.2/share/nvim/runtime/pack/dist/opt/matchit/plugin/matchit.vim
025.009  000.242  000.147: sourcing /home/linuxbrew/.linuxbrew/Cellar/neovim/0.8.2/share/nvim/runtime/plugin/matchit.vim
025.081  000.066  000.066: sourcing /home/linuxbrew/.linuxbrew/Cellar/neovim/0.8.2/share/nvim/runtime/plugin/matchparen.vim
025.255  000.168  000.168: sourcing /home/linuxbrew/.linuxbrew/Cellar/neovim/0.8.2/share/nvim/runtime/plugin/netrwPlugin.vim
025.332  000.066  000.066: sourcing /home/linuxbrew/.linuxbrew/Cellar/neovim/0.8.2/share/nvim/runtime/plugin/rplugin.vim
025.368  000.029  000.029: sourcing /home/linuxbrew/.linuxbrew/Cellar/neovim/0.8.2/share/nvim/runtime/plugin/shada.vim
025.392  000.009  000.009: sourcing /home/linuxbrew/.linuxbrew/Cellar/neovim/0.8.2/share/nvim/runtime/plugin/spellfile.vim
025.455  000.047  000.047: sourcing /home/linuxbrew/.linuxbrew/Cellar/neovim/0.8.2/share/nvim/runtime/plugin/tarPlugin.vim
025.497  000.033  000.033: sourcing /home/linuxbrew/.linuxbrew/Cellar/neovim/0.8.2/share/nvim/runtime/plugin/tohtml.vim
025.511  000.007  000.007: sourcing /home/linuxbrew/.linuxbrew/Cellar/neovim/0.8.2/share/nvim/runtime/plugin/tutor.vim
025.581  000.064  000.064: sourcing /home/linuxbrew/.linuxbrew/Cellar/neovim/0.8.2/share/nvim/runtime/plugin/zipPlugin.vim
025.970  000.042  000.042: require('nvim-treesitter.statusline')
026.059  000.088  000.088: require('nvim-treesitter.query_predicates')
026.061  000.354  000.224: require('nvim-treesitter')
026.337  000.673  000.320: sourcing /home/keisuke/.vim/jetpack/pack/jetpack/opt/_/plugin/nvim-treesitter.lua
026.546  000.006  000.006: require('vim.keymap')
026.565  000.216  000.210: sourcing /home/keisuke/.vim/jetpack/pack/jetpack/opt/_/plugin/telescope.lua
026.762  000.040  000.040: sourcing /home/linuxbrew/.linuxbrew/Cellar/neovim/0.8.2/share/nvim/runtime/plugin/man.lua
026.768  000.997: loading rtp plugins
026.827  000.059: loading packages
026.833  000.006: loading after plugins
026.844  000.011: inits 3
027.789  000.945: reading ShaDa
027.833  000.044: opening buffers
027.890  000.033  000.033: sourcing /home/keisuke/.vim/jetpack/pack/jetpack/opt/_/autoload/gitbranch.vim
028.086  000.156  000.156: sourcing /home/keisuke/.vim/jetpack/pack/jetpack/opt/_/autoload/lightline.vim
028.324  000.055  000.055: sourcing /home/keisuke/.vim/jetpack/pack/jetpack/opt/_/autoload/coc.vim
028.388  000.042  000.042: sourcing /home/keisuke/.vim/jetpack/pack/jetpack/opt/_/autoload/coc/compat.vim
028.450  000.018  000.018: sourcing /home/keisuke/.vim/jetpack/pack/jetpack/opt/_/autoload/lightline/tab.vim
028.750  000.072  000.072: sourcing /home/keisuke/.vim/jetpack/pack/jetpack/opt/_/autoload/lightline/colorscheme.vim
029.095  000.610  000.538: sourcing /home/keisuke/.vim/jetpack/pack/jetpack/opt/_/autoload/lightline/colorscheme/edge.vim
030.507  001.761: BufEnter autocommands
030.509  000.002: editing files in windows
030.834  000.180  000.180: sourcing /home/keisuke/.vim/jetpack/pack/jetpack/opt/_/autoload/coc/highlight.vim
031.116  000.241  000.241: sourcing /home/keisuke/.vim/jetpack/pack/jetpack/opt/_/autoload/coc/color.vim
033.932  000.023  000.023: sourcing /home/keisuke/.vim/jetpack/pack/jetpack/opt/_/autoload/denops/_internal/path.vim
034.063  000.173  000.151: sourcing /home/keisuke/.vim/jetpack/pack/jetpack/opt/_/autoload/denops/server.vim
034.122  000.025  000.025: sourcing /home/keisuke/.vim/jetpack/pack/jetpack/opt/_/autoload/denops/_internal/job.vim
034.939  000.047  000.047: sourcing /home/keisuke/.vim/jetpack/pack/jetpack/opt/_/autoload/denops/_internal/echo.vim
035.032  003.857: VimEnter autocommands
035.033  000.001: UIEnter autocommands
035.154  000.100  000.100: sourcing /home/linuxbrew/.linuxbrew/Cellar/neovim/0.8.2/share/nvim/runtime/autoload/provider/clipboard.vim
035.157  000.024: before starting main loop
035.899  000.742: first screen update
035.901  000.002: --- NVIM STARTED ---
