sudo pacman -Syyu
sudo pacman -S yay
yay -S vivaldi --noconfirm
yay -S i3-wm --noconfirm
yay -S vim --noconfirm
yay -S neovim --noconfirm
yay -S ttf-plemoljp --noconfirm
yay -S wezterm --noconfirm
yay -S teams --noconfirm
yay -S ulauncher --noconfirm
yay -S deno --noconfirm
yay -S volta --noconfirm
yay -S go --noconfirm
yay -S starship --noconfirm
yay -S --noconfirm ripgrep
yay -S --noconfirm chezmoi
yay -S --noconfirm github-cli
gh auth login
gh repo clone matukoto/dotfiles
gh repo clone matukoto/diary
ls
cd diary/
ls
rm -r 0*
ls
rm -r 1*
rm tasks.md 
ls
la
ls -a
rm .zk/
yay -S --noconfirm syncthing
curl -fLo ~/.local/share/nvim/site/pack/jetpack/opt/vim-jetpack/plugin/jetpack.vim --create-dirs https://raw.githubusercontent.com/tani/vim-jetpack/master/plugin/jetpack.vimplugin/jetpack.vim
volta install node@20
yay -S --noconfirm gitui
yay -S --noconfirm yazi
yay -S --noconfirm obsidian
rm .bash_profile 
rm .bashrc
rm .bash_profile
